# JRE version: OpenJDK Runtime Environment (8.0_112-b06) (build 1.8.0_112-release-b06)
# Java VM: OpenJDK 64-Bit Server VM (25.112-b06 mixed mode windows-amd64 compressed oops)
Heap:
 PSYoungGen      total 38400K, used 24718K [0x00000000eab00000, 0x00000000ed580000, 0x0000000100000000)
  eden space 33280K, 74% used [0x00000000eab00000,0x00000000ec323840,0x00000000ecb80000)
  from space 5120K, 0% used [0x00000000ecb80000,0x00000000ecb80000,0x00000000ed080000)
  to   space 5120K, 0% used [0x00000000ed080000,0x00000000ed080000,0x00000000ed580000)
 ParOldGen       total 66048K, used 1109K [0x00000000c0000000, 0x00000000c4080000, 0x00000000eab00000)
  object space 66048K, 1% used [0x00000000c0000000,0x00000000c0115630,0x00000000c4080000)
 Metaspace       used 5874K, capacity 6832K, committed 7040K, reserved 1058816K
  class space    used 572K, capacity 616K, committed 640K, reserved 1048576K
GC Heap History (4 events):
Event: 0.168 GC heap before
{Heap before GC invocations=1 (full 0):
 PSYoungGen      total 38400K, used 7987K [0x00000000eab00000, 0x00000000ed580000, 0x0000000100000000)
  eden space 33280K, 24% used [0x00000000eab00000,0x00000000eb2ccce8,0x00000000ecb80000)
  from space 5120K, 0% used [0x00000000ed080000,0x00000000ed080000,0x00000000ed580000)
  to   space 5120K, 0% used [0x00000000ecb80000,0x00000000ecb80000,0x00000000ed080000)
 ParOldGen       total 87552K, used 0K [0x00000000c0000000, 0x00000000c5580000, 0x00000000eab00000)
  object space 87552K, 0% used [0x00000000c0000000,0x00000000c0000000,0x00000000c5580000)
 Metaspace       used 3547K, capacity 4720K, committed 4864K, reserved 1060864K
  class space    used 370K, capacity 424K, committed 512K, reserved 1048576K
Event: 0.170 GC heap after
Heap after GC invocations=1 (full 0):
 PSYoungGen      total 38400K, used 1528K [0x00000000eab00000, 0x00000000ed580000, 0x0000000100000000)
  eden space 33280K, 0% used [0x00000000eab00000,0x00000000eab00000,0x00000000ecb80000)
  from space 5120K, 29% used [0x00000000ecb80000,0x00000000eccfe098,0x00000000ed080000)
  to   space 5120K, 0% used [0x00000000ed080000,0x00000000ed080000,0x00000000ed580000)
 ParOldGen       total 87552K, used 8K [0x00000000c0000000, 0x00000000c5580000, 0x00000000eab00000)
  object space 87552K, 0% used [0x00000000c0000000,0x00000000c0002000,0x00000000c5580000)
 Metaspace       used 3547K, capacity 4720K, committed 4864K, reserved 1060864K
  class space    used 370K, capacity 424K, committed 512K, reserved 1048576K
}
Event: 0.170 GC heap before
{Heap before GC invocations=2 (full 1):
 PSYoungGen      total 38400K, used 1528K [0x00000000eab00000, 0x00000000ed580000, 0x0000000100000000)
  eden space 33280K, 0% used [0x00000000eab00000,0x00000000eab00000,0x00000000ecb80000)
  from space 5120K, 29% used [0x00000000ecb80000,0x00000000eccfe098,0x00000000ed080000)
  to   space 5120K, 0% used [0x00000000ed080000,0x00000000ed080000,0x00000000ed580000)
 ParOldGen       total 87552K, used 8K [0x00000000c0000000, 0x00000000c5580000, 0x00000000eab00000)
  object space 87552K, 0% used [0x00000000c0000000,0x00000000c0002000,0x00000000c5580000)
 Metaspace       used 3547K, capacity 4720K, committed 4864K, reserved 1060864K
  class space    used 370K, capacity 424K, committed 512K, reserved 1048576K
Event: 0.194 GC heap after
Heap after GC invocations=2 (full 1):
 PSYoungGen      total 38400K, used 0K [0x00000000eab00000, 0x00000000ed580000, 0x0000000100000000)
  eden space 33280K, 0% used [0x00000000eab00000,0x00000000eab00000,0x00000000ecb80000)
  from space 5120K, 0% used [0x00000000ecb80000,0x00000000ecb80000,0x00000000ed080000)
  to   space 5120K, 0% used [0x00000000ed080000,0x00000000ed080000,0x00000000ed580000)
 ParOldGen       total 66048K, used 1109K [0x00000000c0000000, 0x00000000c4080000, 0x00000000eab00000)
  object space 66048K, 1% used [0x00000000c0000000,0x00000000c0115630,0x00000000c4080000)
 Metaspace       used 3547K, capacity 4720K, committed 4864K, reserved 1058816K
  class space    used 370K, capacity 424K, committed 512K, reserved 1048576K
}

